# JRE version: OpenJDK Runtime Environment Temurin-17.0.10+7 (17.0.10+7) (build 17.0.10+7)
# Java VM: OpenJDK 64-Bit Server VM Temurin-17.0.10+7 (17.0.10+7, mixed mode, emulated-client, tiered, compressed oops, compressed class ptrs, g1 gc, windows-amd64)
GC Precious Log:
 CPUs: 4 total, 4 available
 Memory: 7975M
 Large Page Support: Disabled
 NUMA Support: Disabled
 Compressed Oops: Enabled (32-bit)
 Heap Region Size: 1M
 Heap Min Capacity: 8M
 Heap Initial Capacity: 126M
 Heap Max Capacity: 1G
 Pre-touch: Disabled
 Parallel Workers: 4
 Concurrent Workers: 1
 Concurrent Refinement Workers: 4
 Periodic GC: Disabled
Heap:
 garbage-first heap   total 122880K, used 41610K [0x00000000c0000000, 0x0000000100000000)
  region size 1024K, 1 young (1024K), 0 survivors (0K)
 Metaspace       used 62213K, committed 62784K, reserved 1114112K
  class space    used 7512K, committed 7808K, reserved 1048576K
GC Heap History (20 events):
Event: 3005.677 GC heap before
{Heap before GC invocations=107 (full 62):
 garbage-first heap   total 122880K, used 41610K [0x00000000c0000000, 0x0000000100000000)
  region size 1024K, 1 young (1024K), 0 survivors (0K)
 Metaspace       used 62213K, committed 62784K, reserved 1114112K
  class space    used 7512K, committed 7808K, reserved 1048576K
}
Event: 3005.748 GC heap after
{Heap after GC invocations=108 (full 63):
 garbage-first heap   total 122880K, used 41610K [0x00000000c0000000, 0x0000000100000000)
  region size 1024K, 0 young (0K), 0 survivors (0K)
 Metaspace       used 62213K, committed 62784K, reserved 1114112K
  class space    used 7512K, committed 7808K, reserved 1048576K
}
Event: 3015.788 GC heap before
{Heap before GC invocations=108 (full 63):
 garbage-first heap   total 122880K, used 41610K [0x00000000c0000000, 0x0000000100000000)
  region size 1024K, 1 young (1024K), 0 survivors (0K)
 Metaspace       used 62213K, committed 62784K, reserved 1114112K
  class space    used 7512K, committed 7808K, reserved 1048576K
}
Event: 3015.871 GC heap after
{Heap after GC invocations=109 (full 64):
 garbage-first heap   total 122880K, used 41610K [0x00000000c0000000, 0x0000000100000000)
  region size 1024K, 0 young (0K), 0 survivors (0K)
 Metaspace       used 62213K, committed 62784K, reserved 1114112K
  class space    used 7512K, committed 7808K, reserved 1048576K
}
Event: 3025.900 GC heap before
{Heap before GC invocations=109 (full 64):
 garbage-first heap   total 122880K, used 41610K [0x00000000c0000000, 0x0000000100000000)
  region size 1024K, 1 young (1024K), 0 survivors (0K)
 Metaspace       used 62213K, committed 62784K, reserved 1114112K
  class space    used 7512K, committed 7808K, reserved 1048576K
}
Event: 3025.987 GC heap after
{Heap after GC invocations=110 (full 65):
 garbage-first heap   total 122880K, used 41610K [0x00000000c0000000, 0x0000000100000000)
  region size 1024K, 0 young (0K), 0 survivors (0K)
 Metaspace       used 62213K, committed 62784K, reserved 1114112K
  class space    used 7512K, committed 7808K, reserved 1048576K
}
Event: 3036.024 GC heap before
{Heap before GC invocations=110 (full 65):
 garbage-first heap   total 122880K, used 41610K [0x00000000c0000000, 0x0000000100000000)
  region size 1024K, 1 young (1024K), 0 survivors (0K)
 Metaspace       used 62213K, committed 62784K, reserved 1114112K
  class space    used 7512K, committed 7808K, reserved 1048576K
}
Event: 3036.116 GC heap after
{Heap after GC invocations=111 (full 66):
 garbage-first heap   total 122880K, used 41610K [0x00000000c0000000, 0x0000000100000000)
  region size 1024K, 0 young (0K), 0 survivors (0K)
 Metaspace       used 62213K, committed 62784K, reserved 1114112K
  class space    used 7512K, committed 7808K, reserved 1048576K
}
Event: 3046.151 GC heap before
{Heap before GC invocations=111 (full 66):
 garbage-first heap   total 122880K, used 41610K [0x00000000c0000000, 0x0000000100000000)
  region size 1024K, 1 young (1024K), 0 survivors (0K)
 Metaspace       used 62213K, committed 62784K, reserved 1114112K
  class space    used 7512K, committed 7808K, reserved 1048576K
}
Event: 3046.190 GC heap after
{Heap after GC invocations=112 (full 67):
 garbage-first heap   total 122880K, used 41610K [0x00000000c0000000, 0x0000000100000000)
  region size 1024K, 0 young (0K), 0 survivors (0K)
 Metaspace       used 62213K, committed 62784K, reserved 1114112K
  class space    used 7512K, committed 7808K, reserved 1048576K
}
Event: 3056.228 GC heap before
{Heap before GC invocations=112 (full 67):
 garbage-first heap   total 122880K, used 41610K [0x00000000c0000000, 0x0000000100000000)
  region size 1024K, 1 young (1024K), 0 survivors (0K)
 Metaspace       used 62213K, committed 62784K, reserved 1114112K
  class space    used 7512K, committed 7808K, reserved 1048576K
}
Event: 3056.268 GC heap after
{Heap after GC invocations=113 (full 68):
 garbage-first heap   total 122880K, used 41610K [0x00000000c0000000, 0x0000000100000000)
  region size 1024K, 0 young (0K), 0 survivors (0K)
 Metaspace       used 62213K, committed 62784K, reserved 1114112K
  class space    used 7512K, committed 7808K, reserved 1048576K
}
Event: 3066.300 GC heap before
{Heap before GC invocations=113 (full 68):
 garbage-first heap   total 122880K, used 41610K [0x00000000c0000000, 0x0000000100000000)
  region size 1024K, 1 young (1024K), 0 survivors (0K)
 Metaspace       used 62213K, committed 62784K, reserved 1114112K
  class space    used 7512K, committed 7808K, reserved 1048576K
}
Event: 3066.338 GC heap after
{Heap after GC invocations=114 (full 69):
 garbage-first heap   total 122880K, used 41610K [0x00000000c0000000, 0x0000000100000000)
  region size 1024K, 0 young (0K), 0 survivors (0K)
 Metaspace       used 62213K, committed 62784K, reserved 1114112K
  class space    used 7512K, committed 7808K, reserved 1048576K
}
Event: 3076.373 GC heap before
{Heap before GC invocations=114 (full 69):
 garbage-first heap   total 122880K, used 41610K [0x00000000c0000000, 0x0000000100000000)
  region size 1024K, 1 young (1024K), 0 survivors (0K)
 Metaspace       used 62213K, committed 62784K, reserved 1114112K
  class space    used 7512K, committed 7808K, reserved 1048576K
}
Event: 3076.406 GC heap after
{Heap after GC invocations=115 (full 70):
 garbage-first heap   total 122880K, used 41610K [0x00000000c0000000, 0x0000000100000000)
  region size 1024K, 0 young (0K), 0 survivors (0K)
 Metaspace       used 62213K, committed 62784K, reserved 1114112K
  class space    used 7512K, committed 7808K, reserved 1048576K
}
Event: 3086.460 GC heap before
{Heap before GC invocations=115 (full 70):
 garbage-first heap   total 122880K, used 41610K [0x00000000c0000000, 0x0000000100000000)
  region size 1024K, 1 young (1024K), 0 survivors (0K)
 Metaspace       used 62213K, committed 62784K, reserved 1114112K
  class space    used 7512K, committed 7808K, reserved 1048576K
}
Event: 3086.503 GC heap after
{Heap after GC invocations=116 (full 71):
 garbage-first heap   total 122880K, used 41610K [0x00000000c0000000, 0x0000000100000000)
  region size 1024K, 0 young (0K), 0 survivors (0K)
 Metaspace       used 62213K, committed 62784K, reserved 1114112K
  class space    used 7512K, committed 7808K, reserved 1048576K
}
Event: 3096.530 GC heap before
{Heap before GC invocations=116 (full 71):
 garbage-first heap   total 122880K, used 41610K [0x00000000c0000000, 0x0000000100000000)
  region size 1024K, 1 young (1024K), 0 survivors (0K)
 Metaspace       used 62213K, committed 62784K, reserved 1114112K
  class space    used 7512K, committed 7808K, reserved 1048576K
}
Event: 3096.570 GC heap after
{Heap after GC invocations=117 (full 72):
 garbage-first heap   total 122880K, used 41610K [0x00000000c0000000, 0x0000000100000000)
  region size 1024K, 0 young (0K), 0 survivors (0K)
 Metaspace       used 62213K, committed 62784K, reserved 1114112K
  class space    used 7512K, committed 7808K, reserved 1048576K
}

