# JRE version: OpenJDK Runtime Environment Temurin-17.0.10+7 (17.0.10+7) (build 17.0.10+7)
# Java VM: OpenJDK 64-Bit Server VM Temurin-17.0.10+7 (17.0.10+7, mixed mode, emulated-client, tiered, compressed oops, compressed class ptrs, g1 gc, windows-amd64)
GC Precious Log:
 CPUs: 4 total, 4 available
 Memory: 7975M
 Large Page Support: Disabled
 NUMA Support: Disabled
 Compressed Oops: Enabled (32-bit)
 Heap Region Size: 1M
 Heap Min Capacity: 8M
 Heap Initial Capacity: 126M
 Heap Max Capacity: 1G
 Pre-touch: Disabled
 Parallel Workers: 4
 Concurrent Workers: 1
 Concurrent Refinement Workers: 4
 Periodic GC: Disabled
Heap:
 garbage-first heap   total 114688K, used 46860K [0x00000000c0000000, 0x0000000100000000)
  region size 1024K, 1 young (1024K), 0 survivors (0K)
 Metaspace       used 61354K, committed 62144K, reserved 1114112K
  class space    used 7379K, committed 7680K, reserved 1048576K
GC Heap History (20 events):
Event: 25.464 GC heap before
{Heap before GC invocations=19 (full 0):
 garbage-first heap   total 99328K, used 68341K [0x00000000c0000000, 0x0000000100000000)
  region size 1024K, 23 young (23552K), 4 survivors (4096K)
 Metaspace       used 58013K, committed 58496K, reserved 1114112K
  class space    used 6979K, committed 7232K, reserved 1048576K
}
Event: 25.470 GC heap after
{Heap after GC invocations=20 (full 0):
 garbage-first heap   total 99328K, used 53484K [0x00000000c0000000, 0x0000000100000000)
  region size 1024K, 3 young (3072K), 3 survivors (3072K)
 Metaspace       used 58013K, committed 58496K, reserved 1114112K
  class space    used 6979K, committed 7232K, reserved 1048576K
}
Event: 26.971 GC heap before
{Heap before GC invocations=21 (full 0):
 garbage-first heap   total 114688K, used 84204K [0x00000000c0000000, 0x0000000100000000)
  region size 1024K, 25 young (25600K), 3 survivors (3072K)
 Metaspace       used 60728K, committed 61248K, reserved 1114112K
  class space    used 7316K, committed 7552K, reserved 1048576K
}
Event: 26.979 GC heap after
{Heap after GC invocations=22 (full 0):
 garbage-first heap   total 114688K, used 55718K [0x00000000c0000000, 0x0000000100000000)
  region size 1024K, 3 young (3072K), 3 survivors (3072K)
 Metaspace       used 60728K, committed 61248K, reserved 1114112K
  class space    used 7316K, committed 7552K, reserved 1048576K
}
Event: 63.073 GC heap before
{Heap before GC invocations=22 (full 0):
 garbage-first heap   total 114688K, used 61862K [0x00000000c0000000, 0x0000000100000000)
  region size 1024K, 10 young (10240K), 3 survivors (3072K)
 Metaspace       used 61616K, committed 62144K, reserved 1114112K
  class space    used 7439K, committed 7680K, reserved 1048576K
}
Event: 63.190 GC heap after
{Heap after GC invocations=23 (full 1):
 garbage-first heap   total 114688K, used 51698K [0x00000000c0000000, 0x0000000100000000)
  region size 1024K, 0 young (0K), 0 survivors (0K)
 Metaspace       used 61601K, committed 62144K, reserved 1114112K
  class space    used 7435K, committed 7680K, reserved 1048576K
}
Event: 73.220 GC heap before
{Heap before GC invocations=23 (full 1):
 garbage-first heap   total 114688K, used 51698K [0x00000000c0000000, 0x0000000100000000)
  region size 1024K, 1 young (1024K), 0 survivors (0K)
 Metaspace       used 61601K, committed 62144K, reserved 1114112K
  class space    used 7435K, committed 7680K, reserved 1048576K
}
Event: 73.358 GC heap after
{Heap after GC invocations=24 (full 2):
 garbage-first heap   total 114688K, used 51706K [0x00000000c0000000, 0x0000000100000000)
  region size 1024K, 0 young (0K), 0 survivors (0K)
 Metaspace       used 61601K, committed 62144K, reserved 1114112K
  class space    used 7435K, committed 7680K, reserved 1048576K
}
Event: 83.386 GC heap before
{Heap before GC invocations=24 (full 2):
 garbage-first heap   total 114688K, used 51706K [0x00000000c0000000, 0x0000000100000000)
  region size 1024K, 1 young (1024K), 0 survivors (0K)
 Metaspace       used 61601K, committed 62144K, reserved 1114112K
  class space    used 7435K, committed 7680K, reserved 1048576K
}
Event: 83.522 GC heap after
{Heap after GC invocations=25 (full 3):
 garbage-first heap   total 114688K, used 51706K [0x00000000c0000000, 0x0000000100000000)
  region size 1024K, 0 young (0K), 0 survivors (0K)
 Metaspace       used 61601K, committed 62144K, reserved 1114112K
  class space    used 7435K, committed 7680K, reserved 1048576K
}
Event: 93.554 GC heap before
{Heap before GC invocations=25 (full 3):
 garbage-first heap   total 114688K, used 51706K [0x00000000c0000000, 0x0000000100000000)
  region size 1024K, 1 young (1024K), 0 survivors (0K)
 Metaspace       used 61601K, committed 62144K, reserved 1114112K
  class space    used 7435K, committed 7680K, reserved 1048576K
}
Event: 93.612 GC heap after
{Heap after GC invocations=26 (full 4):
 garbage-first heap   total 114688K, used 49744K [0x00000000c0000000, 0x0000000100000000)
  region size 1024K, 0 young (0K), 0 survivors (0K)
 Metaspace       used 61494K, committed 62144K, reserved 1114112K
  class space    used 7409K, committed 7680K, reserved 1048576K
}
Event: 103.642 GC heap before
{Heap before GC invocations=26 (full 4):
 garbage-first heap   total 114688K, used 49744K [0x00000000c0000000, 0x0000000100000000)
  region size 1024K, 1 young (1024K), 0 survivors (0K)
 Metaspace       used 61494K, committed 62144K, reserved 1114112K
  class space    used 7409K, committed 7680K, reserved 1048576K
}
Event: 103.695 GC heap after
{Heap after GC invocations=27 (full 5):
 garbage-first heap   total 114688K, used 46851K [0x00000000c0000000, 0x0000000100000000)
  region size 1024K, 0 young (0K), 0 survivors (0K)
 Metaspace       used 61354K, committed 62144K, reserved 1114112K
  class space    used 7379K, committed 7680K, reserved 1048576K
}
Event: 113.726 GC heap before
{Heap before GC invocations=27 (full 5):
 garbage-first heap   total 114688K, used 46851K [0x00000000c0000000, 0x0000000100000000)
  region size 1024K, 1 young (1024K), 0 survivors (0K)
 Metaspace       used 61354K, committed 62144K, reserved 1114112K
  class space    used 7379K, committed 7680K, reserved 1048576K
}
Event: 113.769 GC heap after
{Heap after GC invocations=28 (full 6):
 garbage-first heap   total 114688K, used 46851K [0x00000000c0000000, 0x0000000100000000)
  region size 1024K, 0 young (0K), 0 survivors (0K)
 Metaspace       used 61354K, committed 62144K, reserved 1114112K
  class space    used 7379K, committed 7680K, reserved 1048576K
}
Event: 123.796 GC heap before
{Heap before GC invocations=28 (full 6):
 garbage-first heap   total 114688K, used 46851K [0x00000000c0000000, 0x0000000100000000)
  region size 1024K, 1 young (1024K), 0 survivors (0K)
 Metaspace       used 61354K, committed 62144K, reserved 1114112K
  class space    used 7379K, committed 7680K, reserved 1048576K
}
Event: 123.839 GC heap after
{Heap after GC invocations=29 (full 7):
 garbage-first heap   total 114688K, used 46860K [0x00000000c0000000, 0x0000000100000000)
  region size 1024K, 0 young (0K), 0 survivors (0K)
 Metaspace       used 61354K, committed 62144K, reserved 1114112K
  class space    used 7379K, committed 7680K, reserved 1048576K
}
Event: 133.869 GC heap before
{Heap before GC invocations=29 (full 7):
 garbage-first heap   total 114688K, used 46860K [0x00000000c0000000, 0x0000000100000000)
  region size 1024K, 1 young (1024K), 0 survivors (0K)
 Metaspace       used 61354K, committed 62144K, reserved 1114112K
  class space    used 7379K, committed 7680K, reserved 1048576K
}
Event: 133.910 GC heap after
{Heap after GC invocations=30 (full 8):
 garbage-first heap   total 114688K, used 46860K [0x00000000c0000000, 0x0000000100000000)
  region size 1024K, 0 young (0K), 0 survivors (0K)
 Metaspace       used 61354K, committed 62144K, reserved 1114112K
  class space    used 7379K, committed 7680K, reserved 1048576K
}

