# JRE version: OpenJDK Runtime Environment Temurin-17.0.10+7 (17.0.10+7) (build 17.0.10+7)
# Java VM: OpenJDK 64-Bit Server VM Temurin-17.0.10+7 (17.0.10+7, mixed mode, emulated-client, tiered, compressed oops, compressed class ptrs, g1 gc, windows-amd64)
GC Precious Log:
 CPUs: 4 total, 4 available
 Memory: 7975M
 Large Page Support: Disabled
 NUMA Support: Disabled
 Compressed Oops: Enabled (32-bit)
 Heap Region Size: 1M
 Heap Min Capacity: 8M
 Heap Initial Capacity: 126M
 Heap Max Capacity: 1G
 Pre-touch: Disabled
 Parallel Workers: 4
 Concurrent Workers: 1
 Concurrent Refinement Workers: 4
 Periodic GC: Disabled
Heap:
 garbage-first heap   total 121856K, used 50259K [0x00000000c0000000, 0x0000000100000000)
  region size 1024K, 1 young (1024K), 0 survivors (0K)
 Metaspace       used 63094K, committed 63616K, reserved 1114112K
  class space    used 7654K, committed 7936K, reserved 1048576K
GC Heap History (20 events):
Event: 15927.114 GC heap before
{Heap before GC invocations=502 (full 405):
 garbage-first heap   total 121856K, used 50301K [0x00000000c0000000, 0x0000000100000000)
  region size 1024K, 1 young (1024K), 0 survivors (0K)
 Metaspace       used 63094K, committed 63616K, reserved 1114112K
  class space    used 7654K, committed 7936K, reserved 1048576K
}
Event: 15927.171 GC heap after
{Heap after GC invocations=503 (full 406):
 garbage-first heap   total 121856K, used 50301K [0x00000000c0000000, 0x0000000100000000)
  region size 1024K, 0 young (0K), 0 survivors (0K)
 Metaspace       used 63094K, committed 63616K, reserved 1114112K
  class space    used 7654K, committed 7936K, reserved 1048576K
}
Event: 15937.205 GC heap before
{Heap before GC invocations=503 (full 406):
 garbage-first heap   total 121856K, used 50301K [0x00000000c0000000, 0x0000000100000000)
  region size 1024K, 1 young (1024K), 0 survivors (0K)
 Metaspace       used 63094K, committed 63616K, reserved 1114112K
  class space    used 7654K, committed 7936K, reserved 1048576K
}
Event: 15937.258 GC heap after
{Heap after GC invocations=504 (full 407):
 garbage-first heap   total 121856K, used 50301K [0x00000000c0000000, 0x0000000100000000)
  region size 1024K, 0 young (0K), 0 survivors (0K)
 Metaspace       used 63094K, committed 63616K, reserved 1114112K
  class space    used 7654K, committed 7936K, reserved 1048576K
}
Event: 15947.295 GC heap before
{Heap before GC invocations=504 (full 407):
 garbage-first heap   total 121856K, used 50301K [0x00000000c0000000, 0x0000000100000000)
  region size 1024K, 1 young (1024K), 0 survivors (0K)
 Metaspace       used 63094K, committed 63616K, reserved 1114112K
  class space    used 7654K, committed 7936K, reserved 1048576K
}
Event: 15947.349 GC heap after
{Heap after GC invocations=505 (full 408):
 garbage-first heap   total 121856K, used 50301K [0x00000000c0000000, 0x0000000100000000)
  region size 1024K, 0 young (0K), 0 survivors (0K)
 Metaspace       used 63094K, committed 63616K, reserved 1114112K
  class space    used 7654K, committed 7936K, reserved 1048576K
}
Event: 15957.389 GC heap before
{Heap before GC invocations=505 (full 408):
 garbage-first heap   total 121856K, used 50301K [0x00000000c0000000, 0x0000000100000000)
  region size 1024K, 1 young (1024K), 0 survivors (0K)
 Metaspace       used 63094K, committed 63616K, reserved 1114112K
  class space    used 7654K, committed 7936K, reserved 1048576K
}
Event: 15957.435 GC heap after
{Heap after GC invocations=506 (full 409):
 garbage-first heap   total 121856K, used 50301K [0x00000000c0000000, 0x0000000100000000)
  region size 1024K, 0 young (0K), 0 survivors (0K)
 Metaspace       used 63094K, committed 63616K, reserved 1114112K
  class space    used 7654K, committed 7936K, reserved 1048576K
}
Event: 15983.614 GC heap before
{Heap before GC invocations=506 (full 409):
 garbage-first heap   total 121856K, used 98429K [0x00000000c0000000, 0x0000000100000000)
  region size 1024K, 48 young (49152K), 0 survivors (0K)
 Metaspace       used 63094K, committed 63616K, reserved 1114112K
  class space    used 7654K, committed 7936K, reserved 1048576K
}
Event: 15983.623 GC heap after
{Heap after GC invocations=507 (full 409):
 garbage-first heap   total 121856K, used 55476K [0x00000000c0000000, 0x0000000100000000)
  region size 1024K, 6 young (6144K), 6 survivors (6144K)
 Metaspace       used 63094K, committed 63616K, reserved 1114112K
  class space    used 7654K, committed 7936K, reserved 1048576K
}
Event: 16017.509 GC heap before
{Heap before GC invocations=507 (full 409):
 garbage-first heap   total 121856K, used 88244K [0x00000000c0000000, 0x0000000100000000)
  region size 1024K, 40 young (40960K), 6 survivors (6144K)
 Metaspace       used 63094K, committed 63616K, reserved 1114112K
  class space    used 7654K, committed 7936K, reserved 1048576K
}
Event: 16017.558 GC heap after
{Heap after GC invocations=508 (full 410):
 garbage-first heap   total 121856K, used 50472K [0x00000000c0000000, 0x0000000100000000)
  region size 1024K, 0 young (0K), 0 survivors (0K)
 Metaspace       used 63094K, committed 63616K, reserved 1114112K
  class space    used 7654K, committed 7936K, reserved 1048576K
}
Event: 16027.606 GC heap before
{Heap before GC invocations=508 (full 410):
 garbage-first heap   total 121856K, used 50472K [0x00000000c0000000, 0x0000000100000000)
  region size 1024K, 1 young (1024K), 0 survivors (0K)
 Metaspace       used 63094K, committed 63616K, reserved 1114112K
  class space    used 7654K, committed 7936K, reserved 1048576K
}
Event: 16027.710 GC heap after
{Heap after GC invocations=509 (full 411):
 garbage-first heap   total 121856K, used 50472K [0x00000000c0000000, 0x0000000100000000)
  region size 1024K, 0 young (0K), 0 survivors (0K)
 Metaspace       used 63094K, committed 63616K, reserved 1114112K
  class space    used 7654K, committed 7936K, reserved 1048576K
}
Event: 16037.748 GC heap before
{Heap before GC invocations=509 (full 411):
 garbage-first heap   total 121856K, used 50472K [0x00000000c0000000, 0x0000000100000000)
  region size 1024K, 1 young (1024K), 0 survivors (0K)
 Metaspace       used 63094K, committed 63616K, reserved 1114112K
  class space    used 7654K, committed 7936K, reserved 1048576K
}
Event: 16037.880 GC heap after
{Heap after GC invocations=510 (full 412):
 garbage-first heap   total 121856K, used 50263K [0x00000000c0000000, 0x0000000100000000)
  region size 1024K, 0 young (0K), 0 survivors (0K)
 Metaspace       used 63094K, committed 63616K, reserved 1114112K
  class space    used 7654K, committed 7936K, reserved 1048576K
}
Event: 16047.917 GC heap before
{Heap before GC invocations=510 (full 412):
 garbage-first heap   total 121856K, used 51287K [0x00000000c0000000, 0x0000000100000000)
  region size 1024K, 2 young (2048K), 0 survivors (0K)
 Metaspace       used 63094K, committed 63616K, reserved 1114112K
  class space    used 7654K, committed 7936K, reserved 1048576K
}
Event: 16048.022 GC heap after
{Heap after GC invocations=511 (full 413):
 garbage-first heap   total 121856K, used 50259K [0x00000000c0000000, 0x0000000100000000)
  region size 1024K, 0 young (0K), 0 survivors (0K)
 Metaspace       used 63094K, committed 63616K, reserved 1114112K
  class space    used 7654K, committed 7936K, reserved 1048576K
}
Event: 16058.065 GC heap before
{Heap before GC invocations=511 (full 413):
 garbage-first heap   total 121856K, used 50259K [0x00000000c0000000, 0x0000000100000000)
  region size 1024K, 1 young (1024K), 0 survivors (0K)
 Metaspace       used 63094K, committed 63616K, reserved 1114112K
  class space    used 7654K, committed 7936K, reserved 1048576K
}
Event: 16058.180 GC heap after
{Heap after GC invocations=512 (full 414):
 garbage-first heap   total 121856K, used 50259K [0x00000000c0000000, 0x0000000100000000)
  region size 1024K, 0 young (0K), 0 survivors (0K)
 Metaspace       used 63094K, committed 63616K, reserved 1114112K
  class space    used 7654K, committed 7936K, reserved 1048576K
}

