# JRE version: OpenJDK Runtime Environment Temurin-17.0.10+7 (17.0.10+7) (build 17.0.10+7)
# Java VM: OpenJDK 64-Bit Server VM Temurin-17.0.10+7 (17.0.10+7, mixed mode, emulated-client, tiered, compressed oops, compressed class ptrs, g1 gc, windows-amd64)
GC Precious Log:
 CPUs: 4 total, 4 available
 Memory: 7975M
 Large Page Support: Disabled
 NUMA Support: Disabled
 Compressed Oops: Enabled (32-bit)
 Heap Region Size: 1M
 Heap Min Capacity: 8M
 Heap Initial Capacity: 126M
 Heap Max Capacity: 1G
 Pre-touch: Disabled
 Parallel Workers: 4
 Concurrent Workers: 1
 Concurrent Refinement Workers: 4
 Periodic GC: Disabled
Heap:
 garbage-first heap   total 86016K, used 48535K [0x00000000c0000000, 0x0000000100000000)
  region size 1024K, 15 young (15360K), 0 survivors (0K)
 Metaspace       used 60161K, committed 60672K, reserved 1114112K
  class space    used 7154K, committed 7424K, reserved 1048576K
GC Heap History (20 events):
Event: 6610.181 GC heap before
{Heap before GC invocations=26 (full 10):
 garbage-first heap   total 86016K, used 40493K [0x00000000c0000000, 0x0000000100000000)
  region size 1024K, 5 young (5120K), 0 survivors (0K)
 Metaspace       used 59968K, committed 60672K, reserved 1114112K
  class space    used 7133K, committed 7424K, reserved 1048576K
}
Event: 6610.214 GC heap after
{Heap after GC invocations=27 (full 11):
 garbage-first heap   total 86016K, used 36396K [0x00000000c0000000, 0x0000000100000000)
  region size 1024K, 0 young (0K), 0 survivors (0K)
 Metaspace       used 59968K, committed 60672K, reserved 1114112K
  class space    used 7133K, committed 7424K, reserved 1048576K
}
Event: 6620.235 GC heap before
{Heap before GC invocations=27 (full 11):
 garbage-first heap   total 86016K, used 36396K [0x00000000c0000000, 0x0000000100000000)
  region size 1024K, 1 young (1024K), 0 survivors (0K)
 Metaspace       used 59968K, committed 60672K, reserved 1114112K
  class space    used 7133K, committed 7424K, reserved 1048576K
}
Event: 6620.263 GC heap after
{Heap after GC invocations=28 (full 12):
 garbage-first heap   total 86016K, used 35228K [0x00000000c0000000, 0x0000000100000000)
  region size 1024K, 0 young (0K), 0 survivors (0K)
 Metaspace       used 59968K, committed 60672K, reserved 1114112K
  class space    used 7133K, committed 7424K, reserved 1048576K
}
Event: 6630.284 GC heap before
{Heap before GC invocations=28 (full 12):
 garbage-first heap   total 86016K, used 35228K [0x00000000c0000000, 0x0000000100000000)
  region size 1024K, 1 young (1024K), 0 survivors (0K)
 Metaspace       used 59968K, committed 60672K, reserved 1114112K
  class space    used 7133K, committed 7424K, reserved 1048576K
}
Event: 6630.310 GC heap after
{Heap after GC invocations=29 (full 13):
 garbage-first heap   total 86016K, used 35229K [0x00000000c0000000, 0x0000000100000000)
  region size 1024K, 0 young (0K), 0 survivors (0K)
 Metaspace       used 59968K, committed 60672K, reserved 1114112K
  class space    used 7133K, committed 7424K, reserved 1048576K
}
Event: 6640.332 GC heap before
{Heap before GC invocations=29 (full 13):
 garbage-first heap   total 86016K, used 35229K [0x00000000c0000000, 0x0000000100000000)
  region size 1024K, 1 young (1024K), 0 survivors (0K)
 Metaspace       used 59968K, committed 60672K, reserved 1114112K
  class space    used 7133K, committed 7424K, reserved 1048576K
}
Event: 6640.358 GC heap after
{Heap after GC invocations=30 (full 14):
 garbage-first heap   total 86016K, used 35226K [0x00000000c0000000, 0x0000000100000000)
  region size 1024K, 0 young (0K), 0 survivors (0K)
 Metaspace       used 59968K, committed 60672K, reserved 1114112K
  class space    used 7133K, committed 7424K, reserved 1048576K
}
Event: 6650.378 GC heap before
{Heap before GC invocations=30 (full 14):
 garbage-first heap   total 86016K, used 35226K [0x00000000c0000000, 0x0000000100000000)
  region size 1024K, 1 young (1024K), 0 survivors (0K)
 Metaspace       used 59968K, committed 60672K, reserved 1114112K
  class space    used 7133K, committed 7424K, reserved 1048576K
}
Event: 6650.404 GC heap after
{Heap after GC invocations=31 (full 15):
 garbage-first heap   total 86016K, used 35226K [0x00000000c0000000, 0x0000000100000000)
  region size 1024K, 0 young (0K), 0 survivors (0K)
 Metaspace       used 59968K, committed 60672K, reserved 1114112K
  class space    used 7133K, committed 7424K, reserved 1048576K
}
Event: 6660.424 GC heap before
{Heap before GC invocations=31 (full 15):
 garbage-first heap   total 86016K, used 35226K [0x00000000c0000000, 0x0000000100000000)
  region size 1024K, 1 young (1024K), 0 survivors (0K)
 Metaspace       used 59968K, committed 60672K, reserved 1114112K
  class space    used 7133K, committed 7424K, reserved 1048576K
}
Event: 6660.451 GC heap after
{Heap after GC invocations=32 (full 16):
 garbage-first heap   total 86016K, used 35226K [0x00000000c0000000, 0x0000000100000000)
  region size 1024K, 0 young (0K), 0 survivors (0K)
 Metaspace       used 59968K, committed 60672K, reserved 1114112K
  class space    used 7133K, committed 7424K, reserved 1048576K
}
Event: 6670.471 GC heap before
{Heap before GC invocations=32 (full 16):
 garbage-first heap   total 86016K, used 35226K [0x00000000c0000000, 0x0000000100000000)
  region size 1024K, 1 young (1024K), 0 survivors (0K)
 Metaspace       used 59968K, committed 60672K, reserved 1114112K
  class space    used 7133K, committed 7424K, reserved 1048576K
}
Event: 6670.493 GC heap after
{Heap after GC invocations=33 (full 17):
 garbage-first heap   total 86016K, used 35223K [0x00000000c0000000, 0x0000000100000000)
  region size 1024K, 0 young (0K), 0 survivors (0K)
 Metaspace       used 59968K, committed 60672K, reserved 1114112K
  class space    used 7133K, committed 7424K, reserved 1048576K
}
Event: 6680.512 GC heap before
{Heap before GC invocations=33 (full 17):
 garbage-first heap   total 86016K, used 35223K [0x00000000c0000000, 0x0000000100000000)
  region size 1024K, 1 young (1024K), 0 survivors (0K)
 Metaspace       used 59968K, committed 60672K, reserved 1114112K
  class space    used 7133K, committed 7424K, reserved 1048576K
}
Event: 6680.534 GC heap after
{Heap after GC invocations=34 (full 18):
 garbage-first heap   total 86016K, used 35223K [0x00000000c0000000, 0x0000000100000000)
  region size 1024K, 0 young (0K), 0 survivors (0K)
 Metaspace       used 59968K, committed 60672K, reserved 1114112K
  class space    used 7133K, committed 7424K, reserved 1048576K
}
Event: 6690.554 GC heap before
{Heap before GC invocations=34 (full 18):
 garbage-first heap   total 86016K, used 35223K [0x00000000c0000000, 0x0000000100000000)
  region size 1024K, 1 young (1024K), 0 survivors (0K)
 Metaspace       used 59968K, committed 60672K, reserved 1114112K
  class space    used 7133K, committed 7424K, reserved 1048576K
}
Event: 6690.576 GC heap after
{Heap after GC invocations=35 (full 19):
 garbage-first heap   total 86016K, used 35223K [0x00000000c0000000, 0x0000000100000000)
  region size 1024K, 0 young (0K), 0 survivors (0K)
 Metaspace       used 59968K, committed 60672K, reserved 1114112K
  class space    used 7133K, committed 7424K, reserved 1048576K
}
Event: 6700.609 GC heap before
{Heap before GC invocations=35 (full 19):
 garbage-first heap   total 86016K, used 35223K [0x00000000c0000000, 0x0000000100000000)
  region size 1024K, 1 young (1024K), 0 survivors (0K)
 Metaspace       used 59968K, committed 60672K, reserved 1114112K
  class space    used 7133K, committed 7424K, reserved 1048576K
}
Event: 6700.633 GC heap after
{Heap after GC invocations=36 (full 20):
 garbage-first heap   total 86016K, used 35223K [0x00000000c0000000, 0x0000000100000000)
  region size 1024K, 0 young (0K), 0 survivors (0K)
 Metaspace       used 59968K, committed 60672K, reserved 1114112K
  class space    used 7133K, committed 7424K, reserved 1048576K
}

